The target system is: Windows -  - 
The host system is: Linux - 4.4.0-66-generic - x86_64
Compiling the C compiler identification source file "CMakeCCompilerId.c" succeeded.
Compiler: /home/frode/Git/mxe/usr/bin/i686-w64-mingw32.static-gcc 
Build flags: 
Id flags: 

The output was:
0


Compilation of the C compiler identification source "CMakeCCompilerId.c" produced "a.exe"

The C compiler identification is GNU, found in "/home/frode/Creations/Games/heXon/CMakeFiles/3.5.2/CompilerIdC/a.exe"

Compiling the CXX compiler identification source file "CMakeCXXCompilerId.cpp" succeeded.
Compiler: /home/frode/Git/mxe/usr/bin/i686-w64-mingw32.static-g++ 
Build flags: 
Id flags: 

The output was:
0


Compilation of the CXX compiler identification source "CMakeCXXCompilerId.cpp" produced "a.exe"

The CXX compiler identification is GNU, found in "/home/frode/Creations/Games/heXon/CMakeFiles/3.5.2/CompilerIdCXX/a.exe"

Determining if the C compiler works passed with the following output:
Change Dir: /home/frode/Creations/Games/heXon/CMakeFiles/CMakeTmp

Run Build Command:"/usr/bin/make" "cmTC_88b2c/fast"
/usr/bin/make -f CMakeFiles/cmTC_88b2c.dir/build.make CMakeFiles/cmTC_88b2c.dir/build
make[1]: Entering directory '/home/frode/Creations/Games/heXon/CMakeFiles/CMakeTmp'
Building C object CMakeFiles/cmTC_88b2c.dir/testCCompiler.c.obj
/home/frode/Git/mxe/usr/bin/i686-w64-mingw32.static-gcc    -O3 -DNDEBUG   -o CMakeFiles/cmTC_88b2c.dir/testCCompiler.c.obj   -c /home/frode/Creations/Games/heXon/CMakeFiles/CMakeTmp/testCCompiler.c
Linking C executable cmTC_88b2c.exe
/home/frode/Git/mxe/usr/x86_64-unknown-linux-gnu/bin/cmake -E cmake_link_script CMakeFiles/cmTC_88b2c.dir/link.txt --verbose=1
/home/frode/Git/mxe/usr/x86_64-unknown-linux-gnu/bin/cmake -E remove -f CMakeFiles/cmTC_88b2c.dir/objects.a
/home/frode/Git/mxe/usr/bin/i686-w64-mingw32.static-ar cr CMakeFiles/cmTC_88b2c.dir/objects.a @CMakeFiles/cmTC_88b2c.dir/objects1.rsp
/home/frode/Git/mxe/usr/bin/i686-w64-mingw32.static-gcc    -O3 -DNDEBUG    -Wl,--whole-archive CMakeFiles/cmTC_88b2c.dir/objects.a -Wl,--no-whole-archive  -o cmTC_88b2c.exe -Wl,--out-implib,libcmTC_88b2c.dll.a -Wl,--major-image-version,0,--minor-image-version,0 @CMakeFiles/cmTC_88b2c.dir/linklibs.rsp
make[1]: Leaving directory '/home/frode/Creations/Games/heXon/CMakeFiles/CMakeTmp'


Detecting C compiler ABI info compiled with the following output:
Change Dir: /home/frode/Creations/Games/heXon/CMakeFiles/CMakeTmp

Run Build Command:"/usr/bin/make" "cmTC_f7488/fast"
/usr/bin/make -f CMakeFiles/cmTC_f7488.dir/build.make CMakeFiles/cmTC_f7488.dir/build
make[1]: Entering directory '/home/frode/Creations/Games/heXon/CMakeFiles/CMakeTmp'
Building C object CMakeFiles/cmTC_f7488.dir/CMakeCCompilerABI.c.obj
/home/frode/Git/mxe/usr/bin/i686-w64-mingw32.static-gcc    -O3 -DNDEBUG   -o CMakeFiles/cmTC_f7488.dir/CMakeCCompilerABI.c.obj   -c /home/frode/Git/mxe/usr/x86_64-unknown-linux-gnu/share/cmake-3.5/Modules/CMakeCCompilerABI.c
Linking C executable cmTC_f7488.exe
/home/frode/Git/mxe/usr/x86_64-unknown-linux-gnu/bin/cmake -E cmake_link_script CMakeFiles/cmTC_f7488.dir/link.txt --verbose=1
/home/frode/Git/mxe/usr/x86_64-unknown-linux-gnu/bin/cmake -E remove -f CMakeFiles/cmTC_f7488.dir/objects.a
/home/frode/Git/mxe/usr/bin/i686-w64-mingw32.static-ar cr CMakeFiles/cmTC_f7488.dir/objects.a @CMakeFiles/cmTC_f7488.dir/objects1.rsp
/home/frode/Git/mxe/usr/bin/i686-w64-mingw32.static-gcc    -O3 -DNDEBUG   -v -Wl,--whole-archive CMakeFiles/cmTC_f7488.dir/objects.a -Wl,--no-whole-archive  -o cmTC_f7488.exe -Wl,--out-implib,libcmTC_f7488.dll.a -Wl,--major-image-version,0,--minor-image-version,0   
Using built-in specs.
COLLECT_GCC=/home/frode/Git/mxe/usr/bin/i686-w64-mingw32.static-gcc
COLLECT_LTO_WRAPPER=/home/frode/Git/mxe/usr/libexec/gcc/i686-w64-mingw32.static/5.4.0/lto-wrapper
Target: i686-w64-mingw32.static
Configured with: /home/frode/Git/mxe/tmp-gcc-i686-w64-mingw32.static/gcc-5.4.0/configure --target=i686-w64-mingw32.static --build=x86_64-unknown-linux-gnu --prefix=/home/frode/Git/mxe/usr --libdir=/home/frode/Git/mxe/usr/lib --enable-languages=c,c++,objc,fortran --enable-version-specific-runtime-libs --with-gcc --with-gnu-ld --with-gnu-as --disable-nls --disable-shared --disable-multilib --without-x --disable-win32-registry --enable-threads=win32 --enable-libgomp --with-gmp=/home/frode/Git/mxe/usr/x86_64-unknown-linux-gnu --with-isl=/home/frode/Git/mxe/usr/x86_64-unknown-linux-gnu --with-mpc=/home/frode/Git/mxe/usr/x86_64-unknown-linux-gnu --with-mpfr=/home/frode/Git/mxe/usr/x86_64-unknown-linux-gnu --with-cloog=/home/frode/Git/mxe/usr/x86_64-unknown-linux-gnu --with-as=/home/frode/Git/mxe/usr/bin/i686-w64-mingw32.static-as --with-ld=/home/frode/Git/mxe/usr/bin/i686-w64-mingw32.static-ld --with-nm=/home/frode/Git/mxe/usr/bin/i686-w64-mingw32.static-nm
Thread model: win32
gcc version 5.4.0 (GCC) 
COMPILER_PATH=/home/frode/Git/mxe/usr/libexec/gcc/i686-w64-mingw32.static/5.4.0/:/home/frode/Git/mxe/usr/libexec/gcc/i686-w64-mingw32.static/5.4.0/:/home/frode/Git/mxe/usr/libexec/gcc/i686-w64-mingw32.static/:/home/frode/Git/mxe/usr/lib/gcc/i686-w64-mingw32.static/5.4.0/:/home/frode/Git/mxe/usr/lib/gcc/i686-w64-mingw32.static/:/home/frode/Git/mxe/usr/lib/gcc/i686-w64-mingw32.static/5.4.0/../../../../i686-w64-mingw32.static/bin/
LIBRARY_PATH=/home/frode/Git/mxe/usr/lib/gcc/i686-w64-mingw32.static/5.4.0/:/home/frode/Git/mxe/usr/lib/gcc/i686-w64-mingw32.static/5.4.0/../../../../i686-w64-mingw32.static/lib/../lib/:/home/frode/Git/mxe/usr/lib/gcc/i686-w64-mingw32.static/5.4.0/../../../../i686-w64-mingw32.static/lib/
COLLECT_GCC_OPTIONS='-O3' '-D' 'NDEBUG' '-v' '-o' 'cmTC_f7488.exe' '-mtune=generic' '-march=pentiumpro'
 /home/frode/Git/mxe/usr/libexec/gcc/i686-w64-mingw32.static/5.4.0/collect2 -plugin /home/frode/Git/mxe/usr/libexec/gcc/i686-w64-mingw32.static/5.4.0/liblto_plugin.so -plugin-opt=/home/frode/Git/mxe/usr/libexec/gcc/i686-w64-mingw32.static/5.4.0/lto-wrapper -plugin-opt=-fresolution=/tmp/ccZbpjcp.res -plugin-opt=-pass-through=-lmingw32 -plugin-opt=-pass-through=-lgcc -plugin-opt=-pass-through=-lmoldname -plugin-opt=-pass-through=-lmingwex -plugin-opt=-pass-through=-lmsvcrt -plugin-opt=-pass-through=-ladvapi32 -plugin-opt=-pass-through=-lshell32 -plugin-opt=-pass-through=-luser32 -plugin-opt=-pass-through=-lkernel32 -plugin-opt=-pass-through=-lmingw32 -plugin-opt=-pass-through=-lgcc -plugin-opt=-pass-through=-lmoldname -plugin-opt=-pass-through=-lmingwex -plugin-opt=-pass-through=-lmsvcrt -m i386pe -Bdynamic -o cmTC_f7488.exe /home/frode/Git/mxe/usr/lib/gcc/i686-w64-mingw32.static/5.4.0/../../../../i686-w64-mingw32.static/lib/../lib/crt2.o /home/frode/Git/mxe/usr/lib/gcc/i686-w64-mingw32.static/5.4.0/crtbegin.o -L/home/frode/Git/mxe/usr/lib/gcc/i686-w64-mingw32.static/5.4.0 -L/home/frode/Git/mxe/usr/lib/gcc/i686-w64-mingw32.static/5.4.0/../../../../i686-w64-mingw32.static/lib/../lib -L/home/frode/Git/mxe/usr/lib/gcc/i686-w64-mingw32.static/5.4.0/../../../../i686-w64-mingw32.static/lib --whole-archive CMakeFiles/cmTC_f7488.dir/objects.a --no-whole-archive --out-implib libcmTC_f7488.dll.a --major-image-version 0 --minor-image-version 0 -lmingw32 -lgcc -lmoldname -lmingwex -lmsvcrt -ladvapi32 -lshell32 -luser32 -lkernel32 -lmingw32 -lgcc -lmoldname -lmingwex -lmsvcrt /home/frode/Git/mxe/usr/lib/gcc/i686-w64-mingw32.static/5.4.0/crtend.o
make[1]: Leaving directory '/home/frode/Creations/Games/heXon/CMakeFiles/CMakeTmp'


Parsed C implicit link information from above output:
  link line regex: [^( *|.*[/\])(i686-w64-mingw32\.static-ld|([^/\]+-)?ld|collect2)[^/\]*( |$)]
  ignore line: [Change Dir: /home/frode/Creations/Games/heXon/CMakeFiles/CMakeTmp]
  ignore line: []
  ignore line: [Run Build Command:"/usr/bin/make" "cmTC_f7488/fast"]
  ignore line: [/usr/bin/make -f CMakeFiles/cmTC_f7488.dir/build.make CMakeFiles/cmTC_f7488.dir/build]
  ignore line: [make[1]: Entering directory '/home/frode/Creations/Games/heXon/CMakeFiles/CMakeTmp']
  ignore line: [Building C object CMakeFiles/cmTC_f7488.dir/CMakeCCompilerABI.c.obj]
  ignore line: [/home/frode/Git/mxe/usr/bin/i686-w64-mingw32.static-gcc    -O3 -DNDEBUG   -o CMakeFiles/cmTC_f7488.dir/CMakeCCompilerABI.c.obj   -c /home/frode/Git/mxe/usr/x86_64-unknown-linux-gnu/share/cmake-3.5/Modules/CMakeCCompilerABI.c]
  ignore line: [Linking C executable cmTC_f7488.exe]
  ignore line: [/home/frode/Git/mxe/usr/x86_64-unknown-linux-gnu/bin/cmake -E cmake_link_script CMakeFiles/cmTC_f7488.dir/link.txt --verbose=1]
  ignore line: [/home/frode/Git/mxe/usr/x86_64-unknown-linux-gnu/bin/cmake -E remove -f CMakeFiles/cmTC_f7488.dir/objects.a]
  ignore line: [/home/frode/Git/mxe/usr/bin/i686-w64-mingw32.static-ar cr CMakeFiles/cmTC_f7488.dir/objects.a @CMakeFiles/cmTC_f7488.dir/objects1.rsp]
  ignore line: [/home/frode/Git/mxe/usr/bin/i686-w64-mingw32.static-gcc    -O3 -DNDEBUG   -v -Wl,--whole-archive CMakeFiles/cmTC_f7488.dir/objects.a -Wl,--no-whole-archive  -o cmTC_f7488.exe -Wl,--out-implib,libcmTC_f7488.dll.a -Wl,--major-image-version,0,--minor-image-version,0   ]
  ignore line: [Using built-in specs.]
  ignore line: [COLLECT_GCC=/home/frode/Git/mxe/usr/bin/i686-w64-mingw32.static-gcc]
  ignore line: [COLLECT_LTO_WRAPPER=/home/frode/Git/mxe/usr/libexec/gcc/i686-w64-mingw32.static/5.4.0/lto-wrapper]
  ignore line: [Target: i686-w64-mingw32.static]
  ignore line: [Configured with: /home/frode/Git/mxe/tmp-gcc-i686-w64-mingw32.static/gcc-5.4.0/configure --target=i686-w64-mingw32.static --build=x86_64-unknown-linux-gnu --prefix=/home/frode/Git/mxe/usr --libdir=/home/frode/Git/mxe/usr/lib --enable-languages=c,c++,objc,fortran --enable-version-specific-runtime-libs --with-gcc --with-gnu-ld --with-gnu-as --disable-nls --disable-shared --disable-multilib --without-x --disable-win32-registry --enable-threads=win32 --enable-libgomp --with-gmp=/home/frode/Git/mxe/usr/x86_64-unknown-linux-gnu --with-isl=/home/frode/Git/mxe/usr/x86_64-unknown-linux-gnu --with-mpc=/home/frode/Git/mxe/usr/x86_64-unknown-linux-gnu --with-mpfr=/home/frode/Git/mxe/usr/x86_64-unknown-linux-gnu --with-cloog=/home/frode/Git/mxe/usr/x86_64-unknown-linux-gnu --with-as=/home/frode/Git/mxe/usr/bin/i686-w64-mingw32.static-as --with-ld=/home/frode/Git/mxe/usr/bin/i686-w64-mingw32.static-ld --with-nm=/home/frode/Git/mxe/usr/bin/i686-w64-mingw32.static-nm]
  ignore line: [Thread model: win32]
  ignore line: [gcc version 5.4.0 (GCC) ]
  ignore line: [COMPILER_PATH=/home/frode/Git/mxe/usr/libexec/gcc/i686-w64-mingw32.static/5.4.0/:/home/frode/Git/mxe/usr/libexec/gcc/i686-w64-mingw32.static/5.4.0/:/home/frode/Git/mxe/usr/libexec/gcc/i686-w64-mingw32.static/:/home/frode/Git/mxe/usr/lib/gcc/i686-w64-mingw32.static/5.4.0/:/home/frode/Git/mxe/usr/lib/gcc/i686-w64-mingw32.static/:/home/frode/Git/mxe/usr/lib/gcc/i686-w64-mingw32.static/5.4.0/../../../../i686-w64-mingw32.static/bin/]
  ignore line: [LIBRARY_PATH=/home/frode/Git/mxe/usr/lib/gcc/i686-w64-mingw32.static/5.4.0/:/home/frode/Git/mxe/usr/lib/gcc/i686-w64-mingw32.static/5.4.0/../../../../i686-w64-mingw32.static/lib/../lib/:/home/frode/Git/mxe/usr/lib/gcc/i686-w64-mingw32.static/5.4.0/../../../../i686-w64-mingw32.static/lib/]
  ignore line: [COLLECT_GCC_OPTIONS='-O3' '-D' 'NDEBUG' '-v' '-o' 'cmTC_f7488.exe' '-mtune=generic' '-march=pentiumpro']
  link line: [ /home/frode/Git/mxe/usr/libexec/gcc/i686-w64-mingw32.static/5.4.0/collect2 -plugin /home/frode/Git/mxe/usr/libexec/gcc/i686-w64-mingw32.static/5.4.0/liblto_plugin.so -plugin-opt=/home/frode/Git/mxe/usr/libexec/gcc/i686-w64-mingw32.static/5.4.0/lto-wrapper -plugin-opt=-fresolution=/tmp/ccZbpjcp.res -plugin-opt=-pass-through=-lmingw32 -plugin-opt=-pass-through=-lgcc -plugin-opt=-pass-through=-lmoldname -plugin-opt=-pass-through=-lmingwex -plugin-opt=-pass-through=-lmsvcrt -plugin-opt=-pass-through=-ladvapi32 -plugin-opt=-pass-through=-lshell32 -plugin-opt=-pass-through=-luser32 -plugin-opt=-pass-through=-lkernel32 -plugin-opt=-pass-through=-lmingw32 -plugin-opt=-pass-through=-lgcc -plugin-opt=-pass-through=-lmoldname -plugin-opt=-pass-through=-lmingwex -plugin-opt=-pass-through=-lmsvcrt -m i386pe -Bdynamic -o cmTC_f7488.exe /home/frode/Git/mxe/usr/lib/gcc/i686-w64-mingw32.static/5.4.0/../../../../i686-w64-mingw32.static/lib/../lib/crt2.o /home/frode/Git/mxe/usr/lib/gcc/i686-w64-mingw32.static/5.4.0/crtbegin.o -L/home/frode/Git/mxe/usr/lib/gcc/i686-w64-mingw32.static/5.4.0 -L/home/frode/Git/mxe/usr/lib/gcc/i686-w64-mingw32.static/5.4.0/../../../../i686-w64-mingw32.static/lib/../lib -L/home/frode/Git/mxe/usr/lib/gcc/i686-w64-mingw32.static/5.4.0/../../../../i686-w64-mingw32.static/lib --whole-archive CMakeFiles/cmTC_f7488.dir/objects.a --no-whole-archive --out-implib libcmTC_f7488.dll.a --major-image-version 0 --minor-image-version 0 -lmingw32 -lgcc -lmoldname -lmingwex -lmsvcrt -ladvapi32 -lshell32 -luser32 -lkernel32 -lmingw32 -lgcc -lmoldname -lmingwex -lmsvcrt /home/frode/Git/mxe/usr/lib/gcc/i686-w64-mingw32.static/5.4.0/crtend.o]
    arg [/home/frode/Git/mxe/usr/libexec/gcc/i686-w64-mingw32.static/5.4.0/collect2] ==> ignore
    arg [-plugin] ==> ignore
    arg [/home/frode/Git/mxe/usr/libexec/gcc/i686-w64-mingw32.static/5.4.0/liblto_plugin.so] ==> ignore
    arg [-plugin-opt=/home/frode/Git/mxe/usr/libexec/gcc/i686-w64-mingw32.static/5.4.0/lto-wrapper] ==> ignore
    arg [-plugin-opt=-fresolution=/tmp/ccZbpjcp.res] ==> ignore
    arg [-plugin-opt=-pass-through=-lmingw32] ==> ignore
    arg [-plugin-opt=-pass-through=-lgcc] ==> ignore
    arg [-plugin-opt=-pass-through=-lmoldname] ==> ignore
    arg [-plugin-opt=-pass-through=-lmingwex] ==> ignore
    arg [-plugin-opt=-pass-through=-lmsvcrt] ==> ignore
    arg [-plugin-opt=-pass-through=-ladvapi32] ==> ignore
    arg [-plugin-opt=-pass-through=-lshell32] ==> ignore
    arg [-plugin-opt=-pass-through=-luser32] ==> ignore
    arg [-plugin-opt=-pass-through=-lkernel32] ==> ignore
    arg [-plugin-opt=-pass-through=-lmingw32] ==> ignore
    arg [-plugin-opt=-pass-through=-lgcc] ==> ignore
    arg [-plugin-opt=-pass-through=-lmoldname] ==> ignore
    arg [-plugin-opt=-pass-through=-lmingwex] ==> ignore
    arg [-plugin-opt=-pass-through=-lmsvcrt] ==> ignore
    arg [-m] ==> ignore
    arg [i386pe] ==> ignore
    arg [-Bdynamic] ==> ignore
    arg [-o] ==> ignore
    arg [cmTC_f7488.exe] ==> ignore
    arg [/home/frode/Git/mxe/usr/lib/gcc/i686-w64-mingw32.static/5.4.0/../../../../i686-w64-mingw32.static/lib/../lib/crt2.o] ==> ignore
    arg [/home/frode/Git/mxe/usr/lib/gcc/i686-w64-mingw32.static/5.4.0/crtbegin.o] ==> ignore
    arg [-L/home/frode/Git/mxe/usr/lib/gcc/i686-w64-mingw32.static/5.4.0] ==> dir [/home/frode/Git/mxe/usr/lib/gcc/i686-w64-mingw32.static/5.4.0]
    arg [-L/home/frode/Git/mxe/usr/lib/gcc/i686-w64-mingw32.static/5.4.0/../../../../i686-w64-mingw32.static/lib/../lib] ==> dir [/home/frode/Git/mxe/usr/lib/gcc/i686-w64-mingw32.static/5.4.0/../../../../i686-w64-mingw32.static/lib/../lib]
    arg [-L/home/frode/Git/mxe/usr/lib/gcc/i686-w64-mingw32.static/5.4.0/../../../../i686-w64-mingw32.static/lib] ==> dir [/home/frode/Git/mxe/usr/lib/gcc/i686-w64-mingw32.static/5.4.0/../../../../i686-w64-mingw32.static/lib]
    arg [--whole-archive] ==> ignore
    arg [CMakeFiles/cmTC_f7488.dir/objects.a] ==> ignore
    arg [--no-whole-archive] ==> ignore
    arg [--out-implib] ==> ignore
    arg [libcmTC_f7488.dll.a] ==> ignore
    arg [--major-image-version] ==> ignore
    arg [0] ==> ignore
    arg [--minor-image-version] ==> ignore
    arg [0] ==> ignore
    arg [-lmingw32] ==> lib [mingw32]
    arg [-lgcc] ==> lib [gcc]
    arg [-lmoldname] ==> lib [moldname]
    arg [-lmingwex] ==> lib [mingwex]
    arg [-lmsvcrt] ==> lib [msvcrt]
    arg [-ladvapi32] ==> lib [advapi32]
    arg [-lshell32] ==> lib [shell32]
    arg [-luser32] ==> lib [user32]
    arg [-lkernel32] ==> lib [kernel32]
    arg [-lmingw32] ==> lib [mingw32]
    arg [-lgcc] ==> lib [gcc]
    arg [-lmoldname] ==> lib [moldname]
    arg [-lmingwex] ==> lib [mingwex]
    arg [-lmsvcrt] ==> lib [msvcrt]
    arg [/home/frode/Git/mxe/usr/lib/gcc/i686-w64-mingw32.static/5.4.0/crtend.o] ==> ignore
  remove lib [gcc]
  remove lib [gcc]
  collapse library dir [/home/frode/Git/mxe/usr/lib/gcc/i686-w64-mingw32.static/5.4.0] ==> [/home/frode/Git/mxe/usr/lib/gcc/i686-w64-mingw32.static/5.4.0]
  collapse library dir [/home/frode/Git/mxe/usr/lib/gcc/i686-w64-mingw32.static/5.4.0/../../../../i686-w64-mingw32.static/lib/../lib] ==> [/home/frode/Git/mxe/usr/i686-w64-mingw32.static/lib]
  collapse library dir [/home/frode/Git/mxe/usr/lib/gcc/i686-w64-mingw32.static/5.4.0/../../../../i686-w64-mingw32.static/lib] ==> [/home/frode/Git/mxe/usr/i686-w64-mingw32.static/lib]
  implicit libs: [mingw32;moldname;mingwex;msvcrt;advapi32;shell32;user32;kernel32;mingw32;moldname;mingwex;msvcrt]
  implicit dirs: [/home/frode/Git/mxe/usr/lib/gcc/i686-w64-mingw32.static/5.4.0;/home/frode/Git/mxe/usr/i686-w64-mingw32.static/lib]
  implicit fwks: []




Detecting C [-std=c11] compiler features compiled with the following output:
Change Dir: /home/frode/Creations/Games/heXon/CMakeFiles/CMakeTmp

Run Build Command:"/usr/bin/make" "cmTC_9406c/fast"
/usr/bin/make -f CMakeFiles/cmTC_9406c.dir/build.make CMakeFiles/cmTC_9406c.dir/build
make[1]: Entering directory '/home/frode/Creations/Games/heXon/CMakeFiles/CMakeTmp'
Building C object CMakeFiles/cmTC_9406c.dir/feature_tests.c.obj
/home/frode/Git/mxe/usr/bin/i686-w64-mingw32.static-gcc    -O3 -DNDEBUG   -std=c11 -o CMakeFiles/cmTC_9406c.dir/feature_tests.c.obj   -c /home/frode/Creations/Games/heXon/CMakeFiles/feature_tests.c
Linking C executable cmTC_9406c.exe
/home/frode/Git/mxe/usr/x86_64-unknown-linux-gnu/bin/cmake -E cmake_link_script CMakeFiles/cmTC_9406c.dir/link.txt --verbose=1
/home/frode/Git/mxe/usr/x86_64-unknown-linux-gnu/bin/cmake -E remove -f CMakeFiles/cmTC_9406c.dir/objects.a
/home/frode/Git/mxe/usr/bin/i686-w64-mingw32.static-ar cr CMakeFiles/cmTC_9406c.dir/objects.a @CMakeFiles/cmTC_9406c.dir/objects1.rsp
/home/frode/Git/mxe/usr/bin/i686-w64-mingw32.static-gcc    -O3 -DNDEBUG    -Wl,--whole-archive CMakeFiles/cmTC_9406c.dir/objects.a -Wl,--no-whole-archive  -o cmTC_9406c.exe -Wl,--out-implib,libcmTC_9406c.dll.a -Wl,--major-image-version,0,--minor-image-version,0 @CMakeFiles/cmTC_9406c.dir/linklibs.rsp
make[1]: Leaving directory '/home/frode/Creations/Games/heXon/CMakeFiles/CMakeTmp'


    Feature record: C_FEATURE:1c_function_prototypes
    Feature record: C_FEATURE:1c_restrict
    Feature record: C_FEATURE:1c_static_assert
    Feature record: C_FEATURE:1c_variadic_macros


Detecting C [-std=c99] compiler features compiled with the following output:
Change Dir: /home/frode/Creations/Games/heXon/CMakeFiles/CMakeTmp

Run Build Command:"/usr/bin/make" "cmTC_950d7/fast"
/usr/bin/make -f CMakeFiles/cmTC_950d7.dir/build.make CMakeFiles/cmTC_950d7.dir/build
make[1]: Entering directory '/home/frode/Creations/Games/heXon/CMakeFiles/CMakeTmp'
Building C object CMakeFiles/cmTC_950d7.dir/feature_tests.c.obj
/home/frode/Git/mxe/usr/bin/i686-w64-mingw32.static-gcc    -O3 -DNDEBUG   -std=c99 -o CMakeFiles/cmTC_950d7.dir/feature_tests.c.obj   -c /home/frode/Creations/Games/heXon/CMakeFiles/feature_tests.c
Linking C executable cmTC_950d7.exe
/home/frode/Git/mxe/usr/x86_64-unknown-linux-gnu/bin/cmake -E cmake_link_script CMakeFiles/cmTC_950d7.dir/link.txt --verbose=1
/home/frode/Git/mxe/usr/x86_64-unknown-linux-gnu/bin/cmake -E remove -f CMakeFiles/cmTC_950d7.dir/objects.a
/home/frode/Git/mxe/usr/bin/i686-w64-mingw32.static-ar cr CMakeFiles/cmTC_950d7.dir/objects.a @CMakeFiles/cmTC_950d7.dir/objects1.rsp
/home/frode/Git/mxe/usr/bin/i686-w64-mingw32.static-gcc    -O3 -DNDEBUG    -Wl,--whole-archive CMakeFiles/cmTC_950d7.dir/objects.a -Wl,--no-whole-archive  -o cmTC_950d7.exe -Wl,--out-implib,libcmTC_950d7.dll.a -Wl,--major-image-version,0,--minor-image-version,0 @CMakeFiles/cmTC_950d7.dir/linklibs.rsp
make[1]: Leaving directory '/home/frode/Creations/Games/heXon/CMakeFiles/CMakeTmp'


    Feature record: C_FEATURE:1c_function_prototypes
    Feature record: C_FEATURE:1c_restrict
    Feature record: C_FEATURE:0c_static_assert
    Feature record: C_FEATURE:1c_variadic_macros


Detecting C [-std=c90] compiler features compiled with the following output:
Change Dir: /home/frode/Creations/Games/heXon/CMakeFiles/CMakeTmp

Run Build Command:"/usr/bin/make" "cmTC_e17bd/fast"
/usr/bin/make -f CMakeFiles/cmTC_e17bd.dir/build.make CMakeFiles/cmTC_e17bd.dir/build
make[1]: Entering directory '/home/frode/Creations/Games/heXon/CMakeFiles/CMakeTmp'
Building C object CMakeFiles/cmTC_e17bd.dir/feature_tests.c.obj
/home/frode/Git/mxe/usr/bin/i686-w64-mingw32.static-gcc    -O3 -DNDEBUG   -std=c90 -o CMakeFiles/cmTC_e17bd.dir/feature_tests.c.obj   -c /home/frode/Creations/Games/heXon/CMakeFiles/feature_tests.c
Linking C executable cmTC_e17bd.exe
/home/frode/Git/mxe/usr/x86_64-unknown-linux-gnu/bin/cmake -E cmake_link_script CMakeFiles/cmTC_e17bd.dir/link.txt --verbose=1
/home/frode/Git/mxe/usr/x86_64-unknown-linux-gnu/bin/cmake -E remove -f CMakeFiles/cmTC_e17bd.dir/objects.a
/home/frode/Git/mxe/usr/bin/i686-w64-mingw32.static-ar cr CMakeFiles/cmTC_e17bd.dir/objects.a @CMakeFiles/cmTC_e17bd.dir/objects1.rsp
/home/frode/Git/mxe/usr/bin/i686-w64-mingw32.static-gcc    -O3 -DNDEBUG    -Wl,--whole-archive CMakeFiles/cmTC_e17bd.dir/objects.a -Wl,--no-whole-archive  -o cmTC_e17bd.exe -Wl,--out-implib,libcmTC_e17bd.dll.a -Wl,--major-image-version,0,--minor-image-version,0 @CMakeFiles/cmTC_e17bd.dir/linklibs.rsp
make[1]: Leaving directory '/home/frode/Creations/Games/heXon/CMakeFiles/CMakeTmp'


    Feature record: C_FEATURE:1c_function_prototypes
    Feature record: C_FEATURE:0c_restrict
    Feature record: C_FEATURE:0c_static_assert
    Feature record: C_FEATURE:0c_variadic_macros
Determining if the CXX compiler works passed with the following output:
Change Dir: /home/frode/Creations/Games/heXon/CMakeFiles/CMakeTmp

Run Build Command:"/usr/bin/make" "cmTC_b6204/fast"
/usr/bin/make -f CMakeFiles/cmTC_b6204.dir/build.make CMakeFiles/cmTC_b6204.dir/build
make[1]: Entering directory '/home/frode/Creations/Games/heXon/CMakeFiles/CMakeTmp'
Building CXX object CMakeFiles/cmTC_b6204.dir/testCXXCompiler.cxx.obj
/home/frode/Git/mxe/usr/bin/i686-w64-mingw32.static-g++     -O3 -DNDEBUG   -o CMakeFiles/cmTC_b6204.dir/testCXXCompiler.cxx.obj -c /home/frode/Creations/Games/heXon/CMakeFiles/CMakeTmp/testCXXCompiler.cxx
Linking CXX executable cmTC_b6204.exe
/home/frode/Git/mxe/usr/x86_64-unknown-linux-gnu/bin/cmake -E cmake_link_script CMakeFiles/cmTC_b6204.dir/link.txt --verbose=1
/home/frode/Git/mxe/usr/x86_64-unknown-linux-gnu/bin/cmake -E remove -f CMakeFiles/cmTC_b6204.dir/objects.a
/home/frode/Git/mxe/usr/bin/i686-w64-mingw32.static-ar cr CMakeFiles/cmTC_b6204.dir/objects.a @CMakeFiles/cmTC_b6204.dir/objects1.rsp
/home/frode/Git/mxe/usr/bin/i686-w64-mingw32.static-g++    -O3 -DNDEBUG    -Wl,--whole-archive CMakeFiles/cmTC_b6204.dir/objects.a -Wl,--no-whole-archive  -o cmTC_b6204.exe -Wl,--out-implib,libcmTC_b6204.dll.a -Wl,--major-image-version,0,--minor-image-version,0 @CMakeFiles/cmTC_b6204.dir/linklibs.rsp
make[1]: Leaving directory '/home/frode/Creations/Games/heXon/CMakeFiles/CMakeTmp'


Detecting CXX compiler ABI info compiled with the following output:
Change Dir: /home/frode/Creations/Games/heXon/CMakeFiles/CMakeTmp

Run Build Command:"/usr/bin/make" "cmTC_d41b7/fast"
/usr/bin/make -f CMakeFiles/cmTC_d41b7.dir/build.make CMakeFiles/cmTC_d41b7.dir/build
make[1]: Entering directory '/home/frode/Creations/Games/heXon/CMakeFiles/CMakeTmp'
Building CXX object CMakeFiles/cmTC_d41b7.dir/CMakeCXXCompilerABI.cpp.obj
/home/frode/Git/mxe/usr/bin/i686-w64-mingw32.static-g++     -O3 -DNDEBUG   -o CMakeFiles/cmTC_d41b7.dir/CMakeCXXCompilerABI.cpp.obj -c /home/frode/Git/mxe/usr/x86_64-unknown-linux-gnu/share/cmake-3.5/Modules/CMakeCXXCompilerABI.cpp
Linking CXX executable cmTC_d41b7.exe
/home/frode/Git/mxe/usr/x86_64-unknown-linux-gnu/bin/cmake -E cmake_link_script CMakeFiles/cmTC_d41b7.dir/link.txt --verbose=1
/home/frode/Git/mxe/usr/x86_64-unknown-linux-gnu/bin/cmake -E remove -f CMakeFiles/cmTC_d41b7.dir/objects.a
/home/frode/Git/mxe/usr/bin/i686-w64-mingw32.static-ar cr CMakeFiles/cmTC_d41b7.dir/objects.a @CMakeFiles/cmTC_d41b7.dir/objects1.rsp
/home/frode/Git/mxe/usr/bin/i686-w64-mingw32.static-g++    -O3 -DNDEBUG   -v -Wl,--whole-archive CMakeFiles/cmTC_d41b7.dir/objects.a -Wl,--no-whole-archive  -o cmTC_d41b7.exe -Wl,--out-implib,libcmTC_d41b7.dll.a -Wl,--major-image-version,0,--minor-image-version,0   
Using built-in specs.
COLLECT_GCC=/home/frode/Git/mxe/usr/bin/i686-w64-mingw32.static-g++
COLLECT_LTO_WRAPPER=/home/frode/Git/mxe/usr/libexec/gcc/i686-w64-mingw32.static/5.4.0/lto-wrapper
Target: i686-w64-mingw32.static
Configured with: /home/frode/Git/mxe/tmp-gcc-i686-w64-mingw32.static/gcc-5.4.0/configure --target=i686-w64-mingw32.static --build=x86_64-unknown-linux-gnu --prefix=/home/frode/Git/mxe/usr --libdir=/home/frode/Git/mxe/usr/lib --enable-languages=c,c++,objc,fortran --enable-version-specific-runtime-libs --with-gcc --with-gnu-ld --with-gnu-as --disable-nls --disable-shared --disable-multilib --without-x --disable-win32-registry --enable-threads=win32 --enable-libgomp --with-gmp=/home/frode/Git/mxe/usr/x86_64-unknown-linux-gnu --with-isl=/home/frode/Git/mxe/usr/x86_64-unknown-linux-gnu --with-mpc=/home/frode/Git/mxe/usr/x86_64-unknown-linux-gnu --with-mpfr=/home/frode/Git/mxe/usr/x86_64-unknown-linux-gnu --with-cloog=/home/frode/Git/mxe/usr/x86_64-unknown-linux-gnu --with-as=/home/frode/Git/mxe/usr/bin/i686-w64-mingw32.static-as --with-ld=/home/frode/Git/mxe/usr/bin/i686-w64-mingw32.static-ld --with-nm=/home/frode/Git/mxe/usr/bin/i686-w64-mingw32.static-nm
Thread model: win32
gcc version 5.4.0 (GCC) 
COMPILER_PATH=/home/frode/Git/mxe/usr/libexec/gcc/i686-w64-mingw32.static/5.4.0/:/home/frode/Git/mxe/usr/libexec/gcc/i686-w64-mingw32.static/5.4.0/:/home/frode/Git/mxe/usr/libexec/gcc/i686-w64-mingw32.static/:/home/frode/Git/mxe/usr/lib/gcc/i686-w64-mingw32.static/5.4.0/:/home/frode/Git/mxe/usr/lib/gcc/i686-w64-mingw32.static/:/home/frode/Git/mxe/usr/lib/gcc/i686-w64-mingw32.static/5.4.0/../../../../i686-w64-mingw32.static/bin/
LIBRARY_PATH=/home/frode/Git/mxe/usr/lib/gcc/i686-w64-mingw32.static/5.4.0/:/home/frode/Git/mxe/usr/lib/gcc/i686-w64-mingw32.static/5.4.0/../../../../i686-w64-mingw32.static/lib/../lib/:/home/frode/Git/mxe/usr/lib/gcc/i686-w64-mingw32.static/5.4.0/../../../../i686-w64-mingw32.static/lib/
COLLECT_GCC_OPTIONS='-O3' '-D' 'NDEBUG' '-v' '-o' 'cmTC_d41b7.exe' '-mtune=generic' '-march=pentiumpro'
 /home/frode/Git/mxe/usr/libexec/gcc/i686-w64-mingw32.static/5.4.0/collect2 -plugin /home/frode/Git/mxe/usr/libexec/gcc/i686-w64-mingw32.static/5.4.0/liblto_plugin.so -plugin-opt=/home/frode/Git/mxe/usr/libexec/gcc/i686-w64-mingw32.static/5.4.0/lto-wrapper -plugin-opt=-fresolution=/tmp/ccnbKA7P.res -plugin-opt=-pass-through=-lmingw32 -plugin-opt=-pass-through=-lgcc -plugin-opt=-pass-through=-lmoldname -plugin-opt=-pass-through=-lmingwex -plugin-opt=-pass-through=-lmsvcrt -plugin-opt=-pass-through=-ladvapi32 -plugin-opt=-pass-through=-lshell32 -plugin-opt=-pass-through=-luser32 -plugin-opt=-pass-through=-lkernel32 -plugin-opt=-pass-through=-lmingw32 -plugin-opt=-pass-through=-lgcc -plugin-opt=-pass-through=-lmoldname -plugin-opt=-pass-through=-lmingwex -plugin-opt=-pass-through=-lmsvcrt -m i386pe -Bdynamic -o cmTC_d41b7.exe /home/frode/Git/mxe/usr/lib/gcc/i686-w64-mingw32.static/5.4.0/../../../../i686-w64-mingw32.static/lib/../lib/crt2.o /home/frode/Git/mxe/usr/lib/gcc/i686-w64-mingw32.static/5.4.0/crtbegin.o -L/home/frode/Git/mxe/usr/lib/gcc/i686-w64-mingw32.static/5.4.0 -L/home/frode/Git/mxe/usr/lib/gcc/i686-w64-mingw32.static/5.4.0/../../../../i686-w64-mingw32.static/lib/../lib -L/home/frode/Git/mxe/usr/lib/gcc/i686-w64-mingw32.static/5.4.0/../../../../i686-w64-mingw32.static/lib --whole-archive CMakeFiles/cmTC_d41b7.dir/objects.a --no-whole-archive --out-implib libcmTC_d41b7.dll.a --major-image-version 0 --minor-image-version 0 -lstdc++ -lmingw32 -lgcc -lmoldname -lmingwex -lmsvcrt -ladvapi32 -lshell32 -luser32 -lkernel32 -lmingw32 -lgcc -lmoldname -lmingwex -lmsvcrt /home/frode/Git/mxe/usr/lib/gcc/i686-w64-mingw32.static/5.4.0/crtend.o
make[1]: Leaving directory '/home/frode/Creations/Games/heXon/CMakeFiles/CMakeTmp'


Parsed CXX implicit link information from above output:
  link line regex: [^( *|.*[/\])(i686-w64-mingw32\.static-ld|([^/\]+-)?ld|collect2)[^/\]*( |$)]
  ignore line: [Change Dir: /home/frode/Creations/Games/heXon/CMakeFiles/CMakeTmp]
  ignore line: []
  ignore line: [Run Build Command:"/usr/bin/make" "cmTC_d41b7/fast"]
  ignore line: [/usr/bin/make -f CMakeFiles/cmTC_d41b7.dir/build.make CMakeFiles/cmTC_d41b7.dir/build]
  ignore line: [make[1]: Entering directory '/home/frode/Creations/Games/heXon/CMakeFiles/CMakeTmp']
  ignore line: [Building CXX object CMakeFiles/cmTC_d41b7.dir/CMakeCXXCompilerABI.cpp.obj]
  ignore line: [/home/frode/Git/mxe/usr/bin/i686-w64-mingw32.static-g++     -O3 -DNDEBUG   -o CMakeFiles/cmTC_d41b7.dir/CMakeCXXCompilerABI.cpp.obj -c /home/frode/Git/mxe/usr/x86_64-unknown-linux-gnu/share/cmake-3.5/Modules/CMakeCXXCompilerABI.cpp]
  ignore line: [Linking CXX executable cmTC_d41b7.exe]
  ignore line: [/home/frode/Git/mxe/usr/x86_64-unknown-linux-gnu/bin/cmake -E cmake_link_script CMakeFiles/cmTC_d41b7.dir/link.txt --verbose=1]
  ignore line: [/home/frode/Git/mxe/usr/x86_64-unknown-linux-gnu/bin/cmake -E remove -f CMakeFiles/cmTC_d41b7.dir/objects.a]
  ignore line: [/home/frode/Git/mxe/usr/bin/i686-w64-mingw32.static-ar cr CMakeFiles/cmTC_d41b7.dir/objects.a @CMakeFiles/cmTC_d41b7.dir/objects1.rsp]
  ignore line: [/home/frode/Git/mxe/usr/bin/i686-w64-mingw32.static-g++    -O3 -DNDEBUG   -v -Wl,--whole-archive CMakeFiles/cmTC_d41b7.dir/objects.a -Wl,--no-whole-archive  -o cmTC_d41b7.exe -Wl,--out-implib,libcmTC_d41b7.dll.a -Wl,--major-image-version,0,--minor-image-version,0   ]
  ignore line: [Using built-in specs.]
  ignore line: [COLLECT_GCC=/home/frode/Git/mxe/usr/bin/i686-w64-mingw32.static-g++]
  ignore line: [COLLECT_LTO_WRAPPER=/home/frode/Git/mxe/usr/libexec/gcc/i686-w64-mingw32.static/5.4.0/lto-wrapper]
  ignore line: [Target: i686-w64-mingw32.static]
  ignore line: [Configured with: /home/frode/Git/mxe/tmp-gcc-i686-w64-mingw32.static/gcc-5.4.0/configure --target=i686-w64-mingw32.static --build=x86_64-unknown-linux-gnu --prefix=/home/frode/Git/mxe/usr --libdir=/home/frode/Git/mxe/usr/lib --enable-languages=c,c++,objc,fortran --enable-version-specific-runtime-libs --with-gcc --with-gnu-ld --with-gnu-as --disable-nls --disable-shared --disable-multilib --without-x --disable-win32-registry --enable-threads=win32 --enable-libgomp --with-gmp=/home/frode/Git/mxe/usr/x86_64-unknown-linux-gnu --with-isl=/home/frode/Git/mxe/usr/x86_64-unknown-linux-gnu --with-mpc=/home/frode/Git/mxe/usr/x86_64-unknown-linux-gnu --with-mpfr=/home/frode/Git/mxe/usr/x86_64-unknown-linux-gnu --with-cloog=/home/frode/Git/mxe/usr/x86_64-unknown-linux-gnu --with-as=/home/frode/Git/mxe/usr/bin/i686-w64-mingw32.static-as --with-ld=/home/frode/Git/mxe/usr/bin/i686-w64-mingw32.static-ld --with-nm=/home/frode/Git/mxe/usr/bin/i686-w64-mingw32.static-nm]
  ignore line: [Thread model: win32]
  ignore line: [gcc version 5.4.0 (GCC) ]
  ignore line: [COMPILER_PATH=/home/frode/Git/mxe/usr/libexec/gcc/i686-w64-mingw32.static/5.4.0/:/home/frode/Git/mxe/usr/libexec/gcc/i686-w64-mingw32.static/5.4.0/:/home/frode/Git/mxe/usr/libexec/gcc/i686-w64-mingw32.static/:/home/frode/Git/mxe/usr/lib/gcc/i686-w64-mingw32.static/5.4.0/:/home/frode/Git/mxe/usr/lib/gcc/i686-w64-mingw32.static/:/home/frode/Git/mxe/usr/lib/gcc/i686-w64-mingw32.static/5.4.0/../../../../i686-w64-mingw32.static/bin/]
  ignore line: [LIBRARY_PATH=/home/frode/Git/mxe/usr/lib/gcc/i686-w64-mingw32.static/5.4.0/:/home/frode/Git/mxe/usr/lib/gcc/i686-w64-mingw32.static/5.4.0/../../../../i686-w64-mingw32.static/lib/../lib/:/home/frode/Git/mxe/usr/lib/gcc/i686-w64-mingw32.static/5.4.0/../../../../i686-w64-mingw32.static/lib/]
  ignore line: [COLLECT_GCC_OPTIONS='-O3' '-D' 'NDEBUG' '-v' '-o' 'cmTC_d41b7.exe' '-mtune=generic' '-march=pentiumpro']
  link line: [ /home/frode/Git/mxe/usr/libexec/gcc/i686-w64-mingw32.static/5.4.0/collect2 -plugin /home/frode/Git/mxe/usr/libexec/gcc/i686-w64-mingw32.static/5.4.0/liblto_plugin.so -plugin-opt=/home/frode/Git/mxe/usr/libexec/gcc/i686-w64-mingw32.static/5.4.0/lto-wrapper -plugin-opt=-fresolution=/tmp/ccnbKA7P.res -plugin-opt=-pass-through=-lmingw32 -plugin-opt=-pass-through=-lgcc -plugin-opt=-pass-through=-lmoldname -plugin-opt=-pass-through=-lmingwex -plugin-opt=-pass-through=-lmsvcrt -plugin-opt=-pass-through=-ladvapi32 -plugin-opt=-pass-through=-lshell32 -plugin-opt=-pass-through=-luser32 -plugin-opt=-pass-through=-lkernel32 -plugin-opt=-pass-through=-lmingw32 -plugin-opt=-pass-through=-lgcc -plugin-opt=-pass-through=-lmoldname -plugin-opt=-pass-through=-lmingwex -plugin-opt=-pass-through=-lmsvcrt -m i386pe -Bdynamic -o cmTC_d41b7.exe /home/frode/Git/mxe/usr/lib/gcc/i686-w64-mingw32.static/5.4.0/../../../../i686-w64-mingw32.static/lib/../lib/crt2.o /home/frode/Git/mxe/usr/lib/gcc/i686-w64-mingw32.static/5.4.0/crtbegin.o -L/home/frode/Git/mxe/usr/lib/gcc/i686-w64-mingw32.static/5.4.0 -L/home/frode/Git/mxe/usr/lib/gcc/i686-w64-mingw32.static/5.4.0/../../../../i686-w64-mingw32.static/lib/../lib -L/home/frode/Git/mxe/usr/lib/gcc/i686-w64-mingw32.static/5.4.0/../../../../i686-w64-mingw32.static/lib --whole-archive CMakeFiles/cmTC_d41b7.dir/objects.a --no-whole-archive --out-implib libcmTC_d41b7.dll.a --major-image-version 0 --minor-image-version 0 -lstdc++ -lmingw32 -lgcc -lmoldname -lmingwex -lmsvcrt -ladvapi32 -lshell32 -luser32 -lkernel32 -lmingw32 -lgcc -lmoldname -lmingwex -lmsvcrt /home/frode/Git/mxe/usr/lib/gcc/i686-w64-mingw32.static/5.4.0/crtend.o]
    arg [/home/frode/Git/mxe/usr/libexec/gcc/i686-w64-mingw32.static/5.4.0/collect2] ==> ignore
    arg [-plugin] ==> ignore
    arg [/home/frode/Git/mxe/usr/libexec/gcc/i686-w64-mingw32.static/5.4.0/liblto_plugin.so] ==> ignore
    arg [-plugin-opt=/home/frode/Git/mxe/usr/libexec/gcc/i686-w64-mingw32.static/5.4.0/lto-wrapper] ==> ignore
    arg [-plugin-opt=-fresolution=/tmp/ccnbKA7P.res] ==> ignore
    arg [-plugin-opt=-pass-through=-lmingw32] ==> ignore
    arg [-plugin-opt=-pass-through=-lgcc] ==> ignore
    arg [-plugin-opt=-pass-through=-lmoldname] ==> ignore
    arg [-plugin-opt=-pass-through=-lmingwex] ==> ignore
    arg [-plugin-opt=-pass-through=-lmsvcrt] ==> ignore
    arg [-plugin-opt=-pass-through=-ladvapi32] ==> ignore
    arg [-plugin-opt=-pass-through=-lshell32] ==> ignore
    arg [-plugin-opt=-pass-through=-luser32] ==> ignore
    arg [-plugin-opt=-pass-through=-lkernel32] ==> ignore
    arg [-plugin-opt=-pass-through=-lmingw32] ==> ignore
    arg [-plugin-opt=-pass-through=-lgcc] ==> ignore
    arg [-plugin-opt=-pass-through=-lmoldname] ==> ignore
    arg [-plugin-opt=-pass-through=-lmingwex] ==> ignore
    arg [-plugin-opt=-pass-through=-lmsvcrt] ==> ignore
    arg [-m] ==> ignore
    arg [i386pe] ==> ignore
    arg [-Bdynamic] ==> ignore
    arg [-o] ==> ignore
    arg [cmTC_d41b7.exe] ==> ignore
    arg [/home/frode/Git/mxe/usr/lib/gcc/i686-w64-mingw32.static/5.4.0/../../../../i686-w64-mingw32.static/lib/../lib/crt2.o] ==> ignore
    arg [/home/frode/Git/mxe/usr/lib/gcc/i686-w64-mingw32.static/5.4.0/crtbegin.o] ==> ignore
    arg [-L/home/frode/Git/mxe/usr/lib/gcc/i686-w64-mingw32.static/5.4.0] ==> dir [/home/frode/Git/mxe/usr/lib/gcc/i686-w64-mingw32.static/5.4.0]
    arg [-L/home/frode/Git/mxe/usr/lib/gcc/i686-w64-mingw32.static/5.4.0/../../../../i686-w64-mingw32.static/lib/../lib] ==> dir [/home/frode/Git/mxe/usr/lib/gcc/i686-w64-mingw32.static/5.4.0/../../../../i686-w64-mingw32.static/lib/../lib]
    arg [-L/home/frode/Git/mxe/usr/lib/gcc/i686-w64-mingw32.static/5.4.0/../../../../i686-w64-mingw32.static/lib] ==> dir [/home/frode/Git/mxe/usr/lib/gcc/i686-w64-mingw32.static/5.4.0/../../../../i686-w64-mingw32.static/lib]
    arg [--whole-archive] ==> ignore
    arg [CMakeFiles/cmTC_d41b7.dir/objects.a] ==> ignore
    arg [--no-whole-archive] ==> ignore
    arg [--out-implib] ==> ignore
    arg [libcmTC_d41b7.dll.a] ==> ignore
    arg [--major-image-version] ==> ignore
    arg [0] ==> ignore
    arg [--minor-image-version] ==> ignore
    arg [0] ==> ignore
    arg [-lstdc++] ==> lib [stdc++]
    arg [-lmingw32] ==> lib [mingw32]
    arg [-lgcc] ==> lib [gcc]
    arg [-lmoldname] ==> lib [moldname]
    arg [-lmingwex] ==> lib [mingwex]
    arg [-lmsvcrt] ==> lib [msvcrt]
    arg [-ladvapi32] ==> lib [advapi32]
    arg [-lshell32] ==> lib [shell32]
    arg [-luser32] ==> lib [user32]
    arg [-lkernel32] ==> lib [kernel32]
    arg [-lmingw32] ==> lib [mingw32]
    arg [-lgcc] ==> lib [gcc]
    arg [-lmoldname] ==> lib [moldname]
    arg [-lmingwex] ==> lib [mingwex]
    arg [-lmsvcrt] ==> lib [msvcrt]
    arg [/home/frode/Git/mxe/usr/lib/gcc/i686-w64-mingw32.static/5.4.0/crtend.o] ==> ignore
  remove lib [gcc]
  remove lib [gcc]
  collapse library dir [/home/frode/Git/mxe/usr/lib/gcc/i686-w64-mingw32.static/5.4.0] ==> [/home/frode/Git/mxe/usr/lib/gcc/i686-w64-mingw32.static/5.4.0]
  collapse library dir [/home/frode/Git/mxe/usr/lib/gcc/i686-w64-mingw32.static/5.4.0/../../../../i686-w64-mingw32.static/lib/../lib] ==> [/home/frode/Git/mxe/usr/i686-w64-mingw32.static/lib]
  collapse library dir [/home/frode/Git/mxe/usr/lib/gcc/i686-w64-mingw32.static/5.4.0/../../../../i686-w64-mingw32.static/lib] ==> [/home/frode/Git/mxe/usr/i686-w64-mingw32.static/lib]
  implicit libs: [stdc++;mingw32;moldname;mingwex;msvcrt;advapi32;shell32;user32;kernel32;mingw32;moldname;mingwex;msvcrt]
  implicit dirs: [/home/frode/Git/mxe/usr/lib/gcc/i686-w64-mingw32.static/5.4.0;/home/frode/Git/mxe/usr/i686-w64-mingw32.static/lib]
  implicit fwks: []




Detecting CXX [-std=c++14] compiler features compiled with the following output:
Change Dir: /home/frode/Creations/Games/heXon/CMakeFiles/CMakeTmp

Run Build Command:"/usr/bin/make" "cmTC_eca65/fast"
/usr/bin/make -f CMakeFiles/cmTC_eca65.dir/build.make CMakeFiles/cmTC_eca65.dir/build
make[1]: Entering directory '/home/frode/Creations/Games/heXon/CMakeFiles/CMakeTmp'
Building CXX object CMakeFiles/cmTC_eca65.dir/feature_tests.cxx.obj
/home/frode/Git/mxe/usr/bin/i686-w64-mingw32.static-g++     -O3 -DNDEBUG   -std=c++14 -o CMakeFiles/cmTC_eca65.dir/feature_tests.cxx.obj -c /home/frode/Creations/Games/heXon/CMakeFiles/feature_tests.cxx
Linking CXX executable cmTC_eca65.exe
/home/frode/Git/mxe/usr/x86_64-unknown-linux-gnu/bin/cmake -E cmake_link_script CMakeFiles/cmTC_eca65.dir/link.txt --verbose=1
/home/frode/Git/mxe/usr/x86_64-unknown-linux-gnu/bin/cmake -E remove -f CMakeFiles/cmTC_eca65.dir/objects.a
/home/frode/Git/mxe/usr/bin/i686-w64-mingw32.static-ar cr CMakeFiles/cmTC_eca65.dir/objects.a @CMakeFiles/cmTC_eca65.dir/objects1.rsp
/home/frode/Git/mxe/usr/bin/i686-w64-mingw32.static-g++    -O3 -DNDEBUG    -Wl,--whole-archive CMakeFiles/cmTC_eca65.dir/objects.a -Wl,--no-whole-archive  -o cmTC_eca65.exe -Wl,--out-implib,libcmTC_eca65.dll.a -Wl,--major-image-version,0,--minor-image-version,0 @CMakeFiles/cmTC_eca65.dir/linklibs.rsp
make[1]: Leaving directory '/home/frode/Creations/Games/heXon/CMakeFiles/CMakeTmp'


    Feature record: CXX_FEATURE:1cxx_aggregate_default_initializers
    Feature record: CXX_FEATURE:1cxx_alias_templates
    Feature record: CXX_FEATURE:1cxx_alignas
    Feature record: CXX_FEATURE:1cxx_alignof
    Feature record: CXX_FEATURE:1cxx_attributes
    Feature record: CXX_FEATURE:1cxx_attribute_deprecated
    Feature record: CXX_FEATURE:1cxx_auto_type
    Feature record: CXX_FEATURE:1cxx_binary_literals
    Feature record: CXX_FEATURE:1cxx_constexpr
    Feature record: CXX_FEATURE:1cxx_contextual_conversions
    Feature record: CXX_FEATURE:1cxx_decltype
    Feature record: CXX_FEATURE:1cxx_decltype_auto
    Feature record: CXX_FEATURE:1cxx_decltype_incomplete_return_types
    Feature record: CXX_FEATURE:1cxx_default_function_template_args
    Feature record: CXX_FEATURE:1cxx_defaulted_functions
    Feature record: CXX_FEATURE:1cxx_defaulted_move_initializers
    Feature record: CXX_FEATURE:1cxx_delegating_constructors
    Feature record: CXX_FEATURE:1cxx_deleted_functions
    Feature record: CXX_FEATURE:1cxx_digit_separators
    Feature record: CXX_FEATURE:1cxx_enum_forward_declarations
    Feature record: CXX_FEATURE:1cxx_explicit_conversions
    Feature record: CXX_FEATURE:1cxx_extended_friend_declarations
    Feature record: CXX_FEATURE:1cxx_extern_templates
    Feature record: CXX_FEATURE:1cxx_final
    Feature record: CXX_FEATURE:1cxx_func_identifier
    Feature record: CXX_FEATURE:1cxx_generalized_initializers
    Feature record: CXX_FEATURE:1cxx_generic_lambdas
    Feature record: CXX_FEATURE:1cxx_inheriting_constructors
    Feature record: CXX_FEATURE:1cxx_inline_namespaces
    Feature record: CXX_FEATURE:1cxx_lambdas
    Feature record: CXX_FEATURE:1cxx_lambda_init_captures
    Feature record: CXX_FEATURE:1cxx_local_type_template_args
    Feature record: CXX_FEATURE:1cxx_long_long_type
    Feature record: CXX_FEATURE:1cxx_noexcept
    Feature record: CXX_FEATURE:1cxx_nonstatic_member_init
    Feature record: CXX_FEATURE:1cxx_nullptr
    Feature record: CXX_FEATURE:1cxx_override
    Feature record: CXX_FEATURE:1cxx_range_for
    Feature record: CXX_FEATURE:1cxx_raw_string_literals
    Feature record: CXX_FEATURE:1cxx_reference_qualified_functions
    Feature record: CXX_FEATURE:1cxx_relaxed_constexpr
    Feature record: CXX_FEATURE:1cxx_return_type_deduction
    Feature record: CXX_FEATURE:1cxx_right_angle_brackets
    Feature record: CXX_FEATURE:1cxx_rvalue_references
    Feature record: CXX_FEATURE:1cxx_sizeof_member
    Feature record: CXX_FEATURE:1cxx_static_assert
    Feature record: CXX_FEATURE:1cxx_strong_enums
    Feature record: CXX_FEATURE:1cxx_template_template_parameters
    Feature record: CXX_FEATURE:1cxx_thread_local
    Feature record: CXX_FEATURE:1cxx_trailing_return_types
    Feature record: CXX_FEATURE:1cxx_unicode_literals
    Feature record: CXX_FEATURE:1cxx_uniform_initialization
    Feature record: CXX_FEATURE:1cxx_unrestricted_unions
    Feature record: CXX_FEATURE:1cxx_user_literals
    Feature record: CXX_FEATURE:1cxx_variable_templates
    Feature record: CXX_FEATURE:1cxx_variadic_macros
    Feature record: CXX_FEATURE:1cxx_variadic_templates


Detecting CXX [-std=c++11] compiler features compiled with the following output:
Change Dir: /home/frode/Creations/Games/heXon/CMakeFiles/CMakeTmp

Run Build Command:"/usr/bin/make" "cmTC_3d0d8/fast"
/usr/bin/make -f CMakeFiles/cmTC_3d0d8.dir/build.make CMakeFiles/cmTC_3d0d8.dir/build
make[1]: Entering directory '/home/frode/Creations/Games/heXon/CMakeFiles/CMakeTmp'
Building CXX object CMakeFiles/cmTC_3d0d8.dir/feature_tests.cxx.obj
/home/frode/Git/mxe/usr/bin/i686-w64-mingw32.static-g++     -O3 -DNDEBUG   -std=c++11 -o CMakeFiles/cmTC_3d0d8.dir/feature_tests.cxx.obj -c /home/frode/Creations/Games/heXon/CMakeFiles/feature_tests.cxx
Linking CXX executable cmTC_3d0d8.exe
/home/frode/Git/mxe/usr/x86_64-unknown-linux-gnu/bin/cmake -E cmake_link_script CMakeFiles/cmTC_3d0d8.dir/link.txt --verbose=1
/home/frode/Git/mxe/usr/x86_64-unknown-linux-gnu/bin/cmake -E remove -f CMakeFiles/cmTC_3d0d8.dir/objects.a
/home/frode/Git/mxe/usr/bin/i686-w64-mingw32.static-ar cr CMakeFiles/cmTC_3d0d8.dir/objects.a @CMakeFiles/cmTC_3d0d8.dir/objects1.rsp
/home/frode/Git/mxe/usr/bin/i686-w64-mingw32.static-g++    -O3 -DNDEBUG    -Wl,--whole-archive CMakeFiles/cmTC_3d0d8.dir/objects.a -Wl,--no-whole-archive  -o cmTC_3d0d8.exe -Wl,--out-implib,libcmTC_3d0d8.dll.a -Wl,--major-image-version,0,--minor-image-version,0 @CMakeFiles/cmTC_3d0d8.dir/linklibs.rsp
make[1]: Leaving directory '/home/frode/Creations/Games/heXon/CMakeFiles/CMakeTmp'


    Feature record: CXX_FEATURE:0cxx_aggregate_default_initializers
    Feature record: CXX_FEATURE:1cxx_alias_templates
    Feature record: CXX_FEATURE:1cxx_alignas
    Feature record: CXX_FEATURE:1cxx_alignof
    Feature record: CXX_FEATURE:1cxx_attributes
    Feature record: CXX_FEATURE:0cxx_attribute_deprecated
    Feature record: CXX_FEATURE:1cxx_auto_type
    Feature record: CXX_FEATURE:0cxx_binary_literals
    Feature record: CXX_FEATURE:1cxx_constexpr
    Feature record: CXX_FEATURE:0cxx_contextual_conversions
    Feature record: CXX_FEATURE:1cxx_decltype
    Feature record: CXX_FEATURE:0cxx_decltype_auto
    Feature record: CXX_FEATURE:1cxx_decltype_incomplete_return_types
    Feature record: CXX_FEATURE:1cxx_default_function_template_args
    Feature record: CXX_FEATURE:1cxx_defaulted_functions
    Feature record: CXX_FEATURE:1cxx_defaulted_move_initializers
    Feature record: CXX_FEATURE:1cxx_delegating_constructors
    Feature record: CXX_FEATURE:1cxx_deleted_functions
    Feature record: CXX_FEATURE:0cxx_digit_separators
    Feature record: CXX_FEATURE:1cxx_enum_forward_declarations
    Feature record: CXX_FEATURE:1cxx_explicit_conversions
    Feature record: CXX_FEATURE:1cxx_extended_friend_declarations
    Feature record: CXX_FEATURE:1cxx_extern_templates
    Feature record: CXX_FEATURE:1cxx_final
    Feature record: CXX_FEATURE:1cxx_func_identifier
    Feature record: CXX_FEATURE:1cxx_generalized_initializers
    Feature record: CXX_FEATURE:0cxx_generic_lambdas
    Feature record: CXX_FEATURE:1cxx_inheriting_constructors
    Feature record: CXX_FEATURE:1cxx_inline_namespaces
    Feature record: CXX_FEATURE:1cxx_lambdas
    Feature record: CXX_FEATURE:0cxx_lambda_init_captures
    Feature record: CXX_FEATURE:1cxx_local_type_template_args
    Feature record: CXX_FEATURE:1cxx_long_long_type
    Feature record: CXX_FEATURE:1cxx_noexcept
    Feature record: CXX_FEATURE:1cxx_nonstatic_member_init
    Feature record: CXX_FEATURE:1cxx_nullptr
    Feature record: CXX_FEATURE:1cxx_override
    Feature record: CXX_FEATURE:1cxx_range_for
    Feature record: CXX_FEATURE:1cxx_raw_string_literals
    Feature record: CXX_FEATURE:1cxx_reference_qualified_functions
    Feature record: CXX_FEATURE:0cxx_relaxed_constexpr
    Feature record: CXX_FEATURE:0cxx_return_type_deduction
    Feature record: CXX_FEATURE:1cxx_right_angle_brackets
    Feature record: CXX_FEATURE:1cxx_rvalue_references
    Feature record: CXX_FEATURE:1cxx_sizeof_member
    Feature record: CXX_FEATURE:1cxx_static_assert
    Feature record: CXX_FEATURE:1cxx_strong_enums
    Feature record: CXX_FEATURE:1cxx_template_template_parameters
    Feature record: CXX_FEATURE:1cxx_thread_local
    Feature record: CXX_FEATURE:1cxx_trailing_return_types
    Feature record: CXX_FEATURE:1cxx_unicode_literals
    Feature record: CXX_FEATURE:1cxx_uniform_initialization
    Feature record: CXX_FEATURE:1cxx_unrestricted_unions
    Feature record: CXX_FEATURE:1cxx_user_literals
    Feature record: CXX_FEATURE:0cxx_variable_templates
    Feature record: CXX_FEATURE:1cxx_variadic_macros
    Feature record: CXX_FEATURE:1cxx_variadic_templates


Detecting CXX [-std=c++98] compiler features compiled with the following output:
Change Dir: /home/frode/Creations/Games/heXon/CMakeFiles/CMakeTmp

Run Build Command:"/usr/bin/make" "cmTC_f75ca/fast"
/usr/bin/make -f CMakeFiles/cmTC_f75ca.dir/build.make CMakeFiles/cmTC_f75ca.dir/build
make[1]: Entering directory '/home/frode/Creations/Games/heXon/CMakeFiles/CMakeTmp'
Building CXX object CMakeFiles/cmTC_f75ca.dir/feature_tests.cxx.obj
/home/frode/Git/mxe/usr/bin/i686-w64-mingw32.static-g++     -O3 -DNDEBUG   -std=c++98 -o CMakeFiles/cmTC_f75ca.dir/feature_tests.cxx.obj -c /home/frode/Creations/Games/heXon/CMakeFiles/feature_tests.cxx
Linking CXX executable cmTC_f75ca.exe
/home/frode/Git/mxe/usr/x86_64-unknown-linux-gnu/bin/cmake -E cmake_link_script CMakeFiles/cmTC_f75ca.dir/link.txt --verbose=1
/home/frode/Git/mxe/usr/x86_64-unknown-linux-gnu/bin/cmake -E remove -f CMakeFiles/cmTC_f75ca.dir/objects.a
/home/frode/Git/mxe/usr/bin/i686-w64-mingw32.static-ar cr CMakeFiles/cmTC_f75ca.dir/objects.a @CMakeFiles/cmTC_f75ca.dir/objects1.rsp
/home/frode/Git/mxe/usr/bin/i686-w64-mingw32.static-g++    -O3 -DNDEBUG    -Wl,--whole-archive CMakeFiles/cmTC_f75ca.dir/objects.a -Wl,--no-whole-archive  -o cmTC_f75ca.exe -Wl,--out-implib,libcmTC_f75ca.dll.a -Wl,--major-image-version,0,--minor-image-version,0 @CMakeFiles/cmTC_f75ca.dir/linklibs.rsp
make[1]: Leaving directory '/home/frode/Creations/Games/heXon/CMakeFiles/CMakeTmp'


    Feature record: CXX_FEATURE:0cxx_aggregate_default_initializers
    Feature record: CXX_FEATURE:0cxx_alias_templates
    Feature record: CXX_FEATURE:0cxx_alignas
    Feature record: CXX_FEATURE:0cxx_alignof
    Feature record: CXX_FEATURE:0cxx_attributes
    Feature record: CXX_FEATURE:0cxx_attribute_deprecated
    Feature record: CXX_FEATURE:0cxx_auto_type
    Feature record: CXX_FEATURE:0cxx_binary_literals
    Feature record: CXX_FEATURE:0cxx_constexpr
    Feature record: CXX_FEATURE:0cxx_contextual_conversions
    Feature record: CXX_FEATURE:0cxx_decltype
    Feature record: CXX_FEATURE:0cxx_decltype_auto
    Feature record: CXX_FEATURE:0cxx_decltype_incomplete_return_types
    Feature record: CXX_FEATURE:0cxx_default_function_template_args
    Feature record: CXX_FEATURE:0cxx_defaulted_functions
    Feature record: CXX_FEATURE:0cxx_defaulted_move_initializers
    Feature record: CXX_FEATURE:0cxx_delegating_constructors
    Feature record: CXX_FEATURE:0cxx_deleted_functions
    Feature record: CXX_FEATURE:0cxx_digit_separators
    Feature record: CXX_FEATURE:0cxx_enum_forward_declarations
    Feature record: CXX_FEATURE:0cxx_explicit_conversions
    Feature record: CXX_FEATURE:0cxx_extended_friend_declarations
    Feature record: CXX_FEATURE:0cxx_extern_templates
    Feature record: CXX_FEATURE:0cxx_final
    Feature record: CXX_FEATURE:0cxx_func_identifier
    Feature record: CXX_FEATURE:0cxx_generalized_initializers
    Feature record: CXX_FEATURE:0cxx_generic_lambdas
    Feature record: CXX_FEATURE:0cxx_inheriting_constructors
    Feature record: CXX_FEATURE:0cxx_inline_namespaces
    Feature record: CXX_FEATURE:0cxx_lambdas
    Feature record: CXX_FEATURE:0cxx_lambda_init_captures
    Feature record: CXX_FEATURE:0cxx_local_type_template_args
    Feature record: CXX_FEATURE:0cxx_long_long_type
    Feature record: CXX_FEATURE:0cxx_noexcept
    Feature record: CXX_FEATURE:0cxx_nonstatic_member_init
    Feature record: CXX_FEATURE:0cxx_nullptr
    Feature record: CXX_FEATURE:0cxx_override
    Feature record: CXX_FEATURE:0cxx_range_for
    Feature record: CXX_FEATURE:0cxx_raw_string_literals
    Feature record: CXX_FEATURE:0cxx_reference_qualified_functions
    Feature record: CXX_FEATURE:0cxx_relaxed_constexpr
    Feature record: CXX_FEATURE:0cxx_return_type_deduction
    Feature record: CXX_FEATURE:0cxx_right_angle_brackets
    Feature record: CXX_FEATURE:0cxx_rvalue_references
    Feature record: CXX_FEATURE:0cxx_sizeof_member
    Feature record: CXX_FEATURE:0cxx_static_assert
    Feature record: CXX_FEATURE:0cxx_strong_enums
    Feature record: CXX_FEATURE:1cxx_template_template_parameters
    Feature record: CXX_FEATURE:0cxx_thread_local
    Feature record: CXX_FEATURE:0cxx_trailing_return_types
    Feature record: CXX_FEATURE:0cxx_unicode_literals
    Feature record: CXX_FEATURE:0cxx_uniform_initialization
    Feature record: CXX_FEATURE:0cxx_unrestricted_unions
    Feature record: CXX_FEATURE:0cxx_user_literals
    Feature record: CXX_FEATURE:0cxx_variable_templates
    Feature record: CXX_FEATURE:0cxx_variadic_macros
    Feature record: CXX_FEATURE:0cxx_variadic_templates
